2022-06-21 00:08:11,982 - ERROR - 504 Server Error: Gateway Time-out for url: https://www.goodreads.com/book/show/203220.Les_Fleurs_du_Mal: https://www.goodreads.com/book/show/203220.Les_Fleurs_du_Mal.
2022-06-21 01:13:15,332 - ERROR - 404 Client Error: Not Found for url: https://www.kirkusreviews.com/issue/best-of-2013/section/fiction/?page=5: https://www.kirkusreviews.com/issue/best-of-2013/section/fiction/?page=5.
2022-06-21 01:16:02,235 - ERROR - 504 Server Error: Gateway Time-out for url: https://www.goodreads.com/book/show/9822.Mrs_Frisby_and_the_Rats_of_NIMH: https://www.goodreads.com/book/show/9822.Mrs_Frisby_and_the_Rats_of_NIMH.
2022-06-21 02:27:18,553 - ERROR - 504 Server Error: Gateway Time-out for url: https://www.goodreads.com/book/show/23480679-the-wisdom-of-secrets: https://www.goodreads.com/book/show/23480679-the-wisdom-of-secrets.
2022-06-21 02:46:46,996 - ERROR - 404 Client Error: Not Found for url: https://www.kirkusreviews.com/issue/best-of-2013/section/fiction/?page=5: https://www.kirkusreviews.com/issue/best-of-2013/section/fiction/?page=5.
2022-06-21 03:08:42,039 - ERROR - 404 Client Error: Not Found for url: https://www.goodreads.com/subscription/logout/?next=/issue/best-of-2013/section/fiction/?page=5: https://www.goodreads.com/subscription/logout/?next=/issue/best-of-2013/section/fiction/?page=5.
2022-06-21 03:14:58,168 - ERROR - 504 Server Error: Gateway Time-out for url: https://www.goodreads.com/book/show/40411206-talking-as-fast-as-i-can: https://www.goodreads.com/book/show/40411206-talking-as-fast-as-i-can.
2022-06-21 03:25:38,588 - ERROR - 504 Server Error: Gateway Time-out for url: https://www.goodreads.com/book/show/92780.Cold_Comfort_Farm: https://www.goodreads.com/book/show/92780.Cold_Comfort_Farm.
2022-06-21 03:39:03,043 - ERROR - 504 Server Error: Gateway Time-out for url: https://www.goodreads.com/book/show/22007708-when-crazy-s-coming-the-midlife-misadventures-of-a-midlife-diva: https://www.goodreads.com/book/show/22007708-when-crazy-s-coming-the-midlife-misadventures-of-a-midlife-diva.
2022-06-21 03:47:11,802 - ERROR - 504 Server Error: Gateway Time-out for url: https://www.goodreads.com/book/show/18300673-jessie-s-song: https://www.goodreads.com/book/show/18300673-jessie-s-song.
2022-06-21 03:52:43,653 - ERROR - 504 Server Error: Gateway Time-out for url: https://www.goodreads.com/book/show/16282333-you-are-not-alone-our-loved-ones-are-here-you-re-just-not-listening: https://www.goodreads.com/book/show/16282333-you-are-not-alone-our-loved-ones-are-here-you-re-just-not-listening.
2022-06-21 03:57:50,415 - ERROR - 504 Server Error: Gateway Time-out for url: https://www.goodreads.com/book/show/15789630-a-story-of-god-and-all-of-us: https://www.goodreads.com/book/show/15789630-a-story-of-god-and-all-of-us.
2022-06-21 04:11:03,452 - ERROR - 504 Server Error: Gateway Time-out for url: https://www.goodreads.com/book/show/20423826-the-subtle-beauty: https://www.goodreads.com/book/show/20423826-the-subtle-beauty.
2022-06-21 04:17:48,547 - ERROR - 404 Client Error: Not Found for url: https://www.kirkusreviews.com/issue/best-of-2013/section/fiction/?page=5: https://www.kirkusreviews.com/issue/best-of-2013/section/fiction/?page=5.
2022-06-21 04:17:51,004 - ERROR - 404 Client Error: Not Found for url: https://www.goodreads.com/subscription/logout/?next=/issue/best-of-2013/section/fiction/?page=5: https://www.goodreads.com/subscription/logout/?next=/issue/best-of-2013/section/fiction/?page=5.
2022-06-21 04:26:49,121 - ERROR - 504 Server Error: Gateway Time-out for url: https://www.goodreads.com/book/show/387749.Ben_Hur: https://www.goodreads.com/book/show/387749.Ben_Hur.
2022-06-21 05:09:46,167 - ERROR - 504 Server Error: Gateway Time-out for url: https://www.goodreads.com/book/show/933231.Life_is_So_Good: https://www.goodreads.com/book/show/933231.Life_is_So_Good.
2022-06-21 05:34:52,146 - ERROR - 504 Server Error: Gateway Time-out for url: https://www.goodreads.com/book/show/17157183-wake-the-wicked: https://www.goodreads.com/book/show/17157183-wake-the-wicked.
2022-06-21 05:47:02,044 - ERROR - 404 Client Error: Not Found for url: https://www.kirkusreviews.com/issue/best-of-2013/section/fiction/?page=5: https://www.kirkusreviews.com/issue/best-of-2013/section/fiction/?page=5.
2022-06-21 05:47:05,629 - ERROR - 404 Client Error: Not Found for url: https://www.goodreads.com/subscription/logout/?next=/issue/best-of-2013/section/fiction/?page=5: https://www.goodreads.com/subscription/logout/?next=/issue/best-of-2013/section/fiction/?page=5.
2022-06-21 06:41:59,857 - ERROR - 504 Server Error: Gateway Time-out for url: https://www.goodreads.com/book/show/16003049-the-deeper-wound: https://www.goodreads.com/book/show/16003049-the-deeper-wound.
2022-06-21 06:59:21,431 - ERROR - 504 Server Error: Gateway Time-out for url: https://www.goodreads.com/book/show/13014526-and-then-there-was-life: https://www.goodreads.com/book/show/13014526-and-then-there-was-life.
2022-06-21 07:19:04,111 - ERROR - 504 Server Error: Gateway Time-out for url: https://www.goodreads.com/review/list/6922605-greg?page=1&shelf=read%2Cfiction-science-fiction-fantasy&view=covers: https://www.goodreads.com/review/list/6922605-greg?page=1&shelf=read%2Cfiction-science-fiction-fantasy&view=covers.
2022-06-21 07:24:38,024 - ERROR - 404 Client Error: Not Found for url: https://www.kirkusreviews.com/issue/best-of-2013/section/fiction/?page=5: https://www.kirkusreviews.com/issue/best-of-2013/section/fiction/?page=5.
2022-06-21 07:24:41,609 - ERROR - 404 Client Error: Not Found for url: https://www.goodreads.com/subscription/logout/?next=/issue/best-of-2013/section/fiction/?page=5: https://www.goodreads.com/subscription/logout/?next=/issue/best-of-2013/section/fiction/?page=5.
2022-06-21 07:25:23,691 - ERROR - 404 Client Error: Not Found for url: https://www.kirkusreviews.com/issue/best-of-2013/section/fiction/?page=5: https://www.kirkusreviews.com/issue/best-of-2013/section/fiction/?page=5.
2022-06-21 07:25:27,379 - ERROR - 404 Client Error: Not Found for url: https://www.goodreads.com/subscription/logout/?next=/issue/best-of-2013/section/fiction/?page=5: https://www.goodreads.com/subscription/logout/?next=/issue/best-of-2013/section/fiction/?page=5.
2022-06-21 07:26:32,312 - ERROR - 404 Client Error: Not Found for url: https://www.kirkusreviews.com/issue/best-of-2013/section/fiction/?page=5: https://www.kirkusreviews.com/issue/best-of-2013/section/fiction/?page=5.
2022-06-21 07:26:35,166 - ERROR - 404 Client Error: Not Found for url: https://www.goodreads.com/subscription/logout/?next=/issue/best-of-2013/section/fiction/?page=5: https://www.goodreads.com/subscription/logout/?next=/issue/best-of-2013/section/fiction/?page=5.
2022-06-21 07:30:38,560 - ERROR - 404 Client Error: Not Found for url: https://www.kirkusreviews.com/issue/best-of-2013/section/fiction/?page=5: https://www.kirkusreviews.com/issue/best-of-2013/section/fiction/?page=5.
2022-06-21 07:30:42,571 - ERROR - 404 Client Error: Not Found for url: https://www.goodreads.com/subscription/logout/?next=/issue/best-of-2013/section/fiction/?page=5: https://www.goodreads.com/subscription/logout/?next=/issue/best-of-2013/section/fiction/?page=5.
2022-06-21 07:31:45,738 - ERROR - 404 Client Error: Not Found for url: https://www.kirkusreviews.com/issue/best-of-2013/section/fiction/?page=5: https://www.kirkusreviews.com/issue/best-of-2013/section/fiction/?page=5.
2022-06-21 07:31:48,989 - ERROR - 404 Client Error: Not Found for url: https://www.goodreads.com/subscription/logout/?next=/issue/best-of-2013/section/fiction/?page=5: https://www.goodreads.com/subscription/logout/?next=/issue/best-of-2013/section/fiction/?page=5.
2022-06-21 07:32:47,582 - ERROR - 404 Client Error: Not Found for url: https://www.kirkusreviews.com/issue/best-of-2013/section/fiction/?page=5: https://www.kirkusreviews.com/issue/best-of-2013/section/fiction/?page=5.
2022-06-21 07:32:50,330 - ERROR - 404 Client Error: Not Found for url: https://www.goodreads.com/subscription/logout/?next=/issue/best-of-2013/section/fiction/?page=5: https://www.goodreads.com/subscription/logout/?next=/issue/best-of-2013/section/fiction/?page=5.
2022-06-21 07:34:08,679 - ERROR - 404 Client Error: Not Found for url: https://www.kirkusreviews.com/issue/best-of-2013/section/fiction/?page=5: https://www.kirkusreviews.com/issue/best-of-2013/section/fiction/?page=5.
2022-06-21 07:34:12,059 - ERROR - 404 Client Error: Not Found for url: https://www.goodreads.com/subscription/logout/?next=/issue/best-of-2013/section/fiction/?page=5: https://www.goodreads.com/subscription/logout/?next=/issue/best-of-2013/section/fiction/?page=5.
2022-06-21 07:36:40,126 - ERROR - 404 Client Error: Not Found for url: https://www.kirkusreviews.com/issue/best-of-2013/section/fiction/?page=5: https://www.kirkusreviews.com/issue/best-of-2013/section/fiction/?page=5.
2022-06-21 07:36:44,225 - ERROR - 404 Client Error: Not Found for url: https://www.goodreads.com/subscription/logout/?next=/issue/best-of-2013/section/fiction/?page=5: https://www.goodreads.com/subscription/logout/?next=/issue/best-of-2013/section/fiction/?page=5.
